[0.156s] DEBUG:colcon:Command line arguments: ['/usr/bin/colcon', 'build']
[0.156s] DEBUG:colcon:Parsed command line arguments: Namespace(log_base=None, log_level=None, verb_name='build', build_base='build', install_base='install', merge_install=False, symlink_install=False, test_result_base=None, continue_on_error=False, executor='parallel', parallel_workers=2, event_handlers=None, ignore_user_meta=False, metas=['./colcon.meta'], base_paths=['.'], packages_ignore=None, packages_ignore_regex=None, paths=None, packages_up_to=None, packages_up_to_regex=None, packages_above=None, packages_above_and_dependencies=None, packages_above_depth=None, packages_select_by_dep=None, packages_skip_by_dep=None, packages_skip_up_to=None, packages_select_build_failed=False, packages_skip_build_finished=False, packages_select_test_failures=False, packages_skip_test_passed=False, packages_select=None, packages_skip=None, packages_select_regex=None, packages_skip_regex=None, packages_start=None, packages_end=None, allow_overriding=[], cmake_args=None, cmake_target=None, cmake_target_skip_unavailable=False, cmake_clean_cache=False, cmake_clean_first=False, cmake_force_configure=False, ament_cmake_args=None, catkin_cmake_args=None, catkin_skip_building_tests=False, verb_parser=<colcon_defaults.argument_parser.defaults.DefaultArgumentsDecorator object at 0x7b0e366212d0>, verb_extension=<colcon_core.verb.build.BuildVerb object at 0x7b0e36620070>, main=<bound method BuildVerb.main of <colcon_core.verb.build.BuildVerb object at 0x7b0e36620070>>)
[0.327s] Level 1:colcon.colcon_core.package_discovery:discover_packages(colcon_meta) check parameters
[0.328s] Level 1:colcon.colcon_core.package_discovery:discover_packages(recursive) check parameters
[0.328s] Level 1:colcon.colcon_core.package_discovery:discover_packages(ignore) check parameters
[0.328s] Level 1:colcon.colcon_core.package_discovery:discover_packages(path) check parameters
[0.328s] Level 1:colcon.colcon_core.package_discovery:discover_packages(colcon_meta) discover
[0.328s] Level 1:colcon.colcon_core.package_discovery:discover_packages(recursive) discover
[0.328s] INFO:colcon.colcon_core.package_discovery:Crawling recursively for packages in '/home/liyicong/test_urdf'
[0.328s] Level 1:colcon.colcon_core.package_identification:_identify(.) by extensions ['ignore', 'ignore_ament_install']
[0.328s] Level 1:colcon.colcon_core.package_identification:_identify(.) by extension 'ignore'
[0.328s] Level 1:colcon.colcon_core.package_identification:_identify(.) by extension 'ignore_ament_install'
[0.328s] Level 1:colcon.colcon_core.package_identification:_identify(.) by extensions ['colcon_pkg']
[0.328s] Level 1:colcon.colcon_core.package_identification:_identify(.) by extension 'colcon_pkg'
[0.328s] Level 1:colcon.colcon_core.package_identification:_identify(.) by extensions ['colcon_meta']
[0.328s] Level 1:colcon.colcon_core.package_identification:_identify(.) by extension 'colcon_meta'
[0.328s] Level 1:colcon.colcon_core.package_identification:_identify(.) by extensions ['ros']
[0.328s] Level 1:colcon.colcon_core.package_identification:_identify(.) by extension 'ros'
[0.361s] DEBUG:colcon.colcon_core.package_identification:Package '.' with type 'ros.ament_cmake' and name 'test_urdf'
[0.365s] Level 1:colcon.colcon_core.package_discovery:discover_packages(recursive) using defaults
[0.365s] Level 1:colcon.colcon_core.package_discovery:discover_packages(ignore) discover
[0.365s] Level 1:colcon.colcon_core.package_discovery:discover_packages(ignore) using defaults
[0.365s] Level 1:colcon.colcon_core.package_discovery:discover_packages(path) discover
[0.365s] Level 1:colcon.colcon_core.package_discovery:discover_packages(path) using defaults
[0.420s] Level 1:colcon.colcon_core.package_discovery:discover_packages(prefix_path) check parameters
[0.421s] Level 1:colcon.colcon_core.package_discovery:discover_packages(prefix_path) discover
[0.425s] DEBUG:colcon.colcon_installed_package_information.package_discovery:Found 5 installed packages in /home/liyicong/ws01_plumbing/install
[0.427s] DEBUG:colcon.colcon_installed_package_information.package_discovery:Found 360 installed packages in /opt/ros/humble
[0.428s] Level 1:colcon.colcon_core.package_discovery:discover_packages(prefix_path) using defaults
[0.485s] Level 5:colcon.colcon_core.verb:set package 'test_urdf' build argument 'cmake_args' from command line to 'None'
[0.486s] Level 5:colcon.colcon_core.verb:set package 'test_urdf' build argument 'cmake_target' from command line to 'None'
[0.486s] Level 5:colcon.colcon_core.verb:set package 'test_urdf' build argument 'cmake_target_skip_unavailable' from command line to 'False'
[0.486s] Level 5:colcon.colcon_core.verb:set package 'test_urdf' build argument 'cmake_clean_cache' from command line to 'False'
[0.486s] Level 5:colcon.colcon_core.verb:set package 'test_urdf' build argument 'cmake_clean_first' from command line to 'False'
[0.486s] Level 5:colcon.colcon_core.verb:set package 'test_urdf' build argument 'cmake_force_configure' from command line to 'False'
[0.486s] Level 5:colcon.colcon_core.verb:set package 'test_urdf' build argument 'ament_cmake_args' from command line to 'None'
[0.486s] Level 5:colcon.colcon_core.verb:set package 'test_urdf' build argument 'catkin_cmake_args' from command line to 'None'
[0.486s] Level 5:colcon.colcon_core.verb:set package 'test_urdf' build argument 'catkin_skip_building_tests' from command line to 'False'
[0.486s] DEBUG:colcon.colcon_core.verb:Building package 'test_urdf' with the following arguments: {'ament_cmake_args': None, 'build_base': '/home/liyicong/test_urdf/build/test_urdf', 'catkin_cmake_args': None, 'catkin_skip_building_tests': False, 'cmake_args': None, 'cmake_clean_cache': False, 'cmake_clean_first': False, 'cmake_force_configure': False, 'cmake_target': None, 'cmake_target_skip_unavailable': False, 'install_base': '/home/liyicong/test_urdf/install/test_urdf', 'merge_install': False, 'path': '/home/liyicong/test_urdf', 'symlink_install': False, 'test_result_base': None}
[0.486s] INFO:colcon.colcon_core.executor:Executing jobs using 'parallel' executor
[0.489s] DEBUG:colcon.colcon_parallel_executor.executor.parallel:run_until_complete
[0.494s] INFO:colcon.colcon_ros.task.ament_cmake.build:Building ROS package in '/home/liyicong/test_urdf' with build type 'ament_cmake'
[0.497s] INFO:colcon.colcon_cmake.task.cmake.build:Building CMake package in '/home/liyicong/test_urdf'
[0.505s] INFO:colcon.colcon_core.plugin_system:Skipping extension 'colcon_core.shell.bat': Not used on non-Windows systems
[0.506s] INFO:colcon.colcon_core.shell:Skip shell extension 'powershell' for command environment: Not usable outside of PowerShell
[0.507s] DEBUG:colcon.colcon_core.shell:Skip shell extension 'dsv' for command environment
[0.533s] DEBUG:colcon.colcon_core.event_handler.log_command:Invoking command in '/home/liyicong/test_urdf/build/test_urdf': CMAKE_PREFIX_PATH=/home/liyicong/ws01_plumbing/install/py03_action:/home/liyicong/ws01_plumbing/install/py02_service:/home/liyicong/ws01_plumbing/install/py01_topic:/opt/ros/humble:${CMAKE_PREFIX_PATH} /usr/bin/cmake --build /home/liyicong/test_urdf/build/test_urdf -- -j2 -l2
[0.614s] DEBUG:colcon.colcon_core.event_handler.log_command:Invoked command in '/home/liyicong/test_urdf/build/test_urdf' returned '0': CMAKE_PREFIX_PATH=/home/liyicong/ws01_plumbing/install/py03_action:/home/liyicong/ws01_plumbing/install/py02_service:/home/liyicong/ws01_plumbing/install/py01_topic:/opt/ros/humble:${CMAKE_PREFIX_PATH} /usr/bin/cmake --build /home/liyicong/test_urdf/build/test_urdf -- -j2 -l2
[0.651s] DEBUG:colcon.colcon_core.event_handler.log_command:Invoking command in '/home/liyicong/test_urdf/build/test_urdf': CMAKE_PREFIX_PATH=/home/liyicong/ws01_plumbing/install/py03_action:/home/liyicong/ws01_plumbing/install/py02_service:/home/liyicong/ws01_plumbing/install/py01_topic:/opt/ros/humble:${CMAKE_PREFIX_PATH} /usr/bin/cmake --install /home/liyicong/test_urdf/build/test_urdf
[0.668s] Level 1:colcon.colcon_core.environment:create_environment_scripts_only(test_urdf)
[0.670s] DEBUG:colcon.colcon_core.event_handler.log_command:Invoked command in '/home/liyicong/test_urdf/build/test_urdf' returned '0': CMAKE_PREFIX_PATH=/home/liyicong/ws01_plumbing/install/py03_action:/home/liyicong/ws01_plumbing/install/py02_service:/home/liyicong/ws01_plumbing/install/py01_topic:/opt/ros/humble:${CMAKE_PREFIX_PATH} /usr/bin/cmake --install /home/liyicong/test_urdf/build/test_urdf
[0.684s] Level 1:colcon.colcon_core.environment:checking '/home/liyicong/test_urdf/install/test_urdf' for CMake module files
[0.684s] Level 1:colcon.colcon_core.environment:checking '/home/liyicong/test_urdf/install/test_urdf' for CMake config files
[0.684s] Level 1:colcon.colcon_core.shell:create_environment_hook('test_urdf', 'cmake_prefix_path')
[0.685s] INFO:colcon.colcon_core.shell:Creating environment hook '/home/liyicong/test_urdf/install/test_urdf/share/test_urdf/hook/cmake_prefix_path.ps1'
[0.688s] INFO:colcon.colcon_core.shell:Creating environment descriptor '/home/liyicong/test_urdf/install/test_urdf/share/test_urdf/hook/cmake_prefix_path.dsv'
[0.689s] INFO:colcon.colcon_core.shell:Creating environment hook '/home/liyicong/test_urdf/install/test_urdf/share/test_urdf/hook/cmake_prefix_path.sh'
[0.690s] Level 1:colcon.colcon_core.environment:checking '/home/liyicong/test_urdf/install/test_urdf/lib'
[0.690s] Level 1:colcon.colcon_core.environment:checking '/home/liyicong/test_urdf/install/test_urdf/bin'
[0.690s] Level 1:colcon.colcon_core.environment:checking '/home/liyicong/test_urdf/install/test_urdf/lib/pkgconfig/test_urdf.pc'
[0.690s] Level 1:colcon.colcon_core.environment:checking '/home/liyicong/test_urdf/install/test_urdf/lib/python3.10/site-packages'
[0.690s] Level 1:colcon.colcon_core.environment:checking '/home/liyicong/test_urdf/install/test_urdf/bin'
[0.690s] INFO:colcon.colcon_core.shell:Creating package script '/home/liyicong/test_urdf/install/test_urdf/share/test_urdf/package.ps1'
[0.691s] INFO:colcon.colcon_core.shell:Creating package descriptor '/home/liyicong/test_urdf/install/test_urdf/share/test_urdf/package.dsv'
[0.693s] INFO:colcon.colcon_core.shell:Creating package script '/home/liyicong/test_urdf/install/test_urdf/share/test_urdf/package.sh'
[0.694s] INFO:colcon.colcon_core.shell:Creating package script '/home/liyicong/test_urdf/install/test_urdf/share/test_urdf/package.bash'
[0.694s] INFO:colcon.colcon_core.shell:Creating package script '/home/liyicong/test_urdf/install/test_urdf/share/test_urdf/package.zsh'
[0.697s] Level 1:colcon.colcon_core.environment:create_file_with_runtime_dependencies(/home/liyicong/test_urdf/install/test_urdf/share/colcon-core/packages/test_urdf)
[0.698s] Level 1:colcon.colcon_core.environment:create_environment_scripts_only(test_urdf)
[0.698s] Level 1:colcon.colcon_core.environment:checking '/home/liyicong/test_urdf/install/test_urdf' for CMake module files
[0.698s] Level 1:colcon.colcon_core.environment:checking '/home/liyicong/test_urdf/install/test_urdf' for CMake config files
[0.698s] Level 1:colcon.colcon_core.shell:create_environment_hook('test_urdf', 'cmake_prefix_path')
[0.698s] INFO:colcon.colcon_core.shell:Creating environment hook '/home/liyicong/test_urdf/install/test_urdf/share/test_urdf/hook/cmake_prefix_path.ps1'
[0.699s] INFO:colcon.colcon_core.shell:Creating environment descriptor '/home/liyicong/test_urdf/install/test_urdf/share/test_urdf/hook/cmake_prefix_path.dsv'
[0.699s] INFO:colcon.colcon_core.shell:Creating environment hook '/home/liyicong/test_urdf/install/test_urdf/share/test_urdf/hook/cmake_prefix_path.sh'
[0.700s] Level 1:colcon.colcon_core.environment:checking '/home/liyicong/test_urdf/install/test_urdf/lib'
[0.700s] Level 1:colcon.colcon_core.environment:checking '/home/liyicong/test_urdf/install/test_urdf/bin'
[0.702s] Level 1:colcon.colcon_core.environment:checking '/home/liyicong/test_urdf/install/test_urdf/lib/pkgconfig/test_urdf.pc'
[0.702s] Level 1:colcon.colcon_core.environment:checking '/home/liyicong/test_urdf/install/test_urdf/lib/python3.10/site-packages'
[0.702s] Level 1:colcon.colcon_core.environment:checking '/home/liyicong/test_urdf/install/test_urdf/bin'
[0.703s] INFO:colcon.colcon_core.shell:Creating package script '/home/liyicong/test_urdf/install/test_urdf/share/test_urdf/package.ps1'
[0.703s] INFO:colcon.colcon_core.shell:Creating package descriptor '/home/liyicong/test_urdf/install/test_urdf/share/test_urdf/package.dsv'
[0.704s] INFO:colcon.colcon_core.shell:Creating package script '/home/liyicong/test_urdf/install/test_urdf/share/test_urdf/package.sh'
[0.704s] INFO:colcon.colcon_core.shell:Creating package script '/home/liyicong/test_urdf/install/test_urdf/share/test_urdf/package.bash'
[0.704s] INFO:colcon.colcon_core.shell:Creating package script '/home/liyicong/test_urdf/install/test_urdf/share/test_urdf/package.zsh'
[0.705s] Level 1:colcon.colcon_core.environment:create_file_with_runtime_dependencies(/home/liyicong/test_urdf/install/test_urdf/share/colcon-core/packages/test_urdf)
[0.705s] DEBUG:colcon.colcon_parallel_executor.executor.parallel:closing loop
[0.705s] DEBUG:colcon.colcon_parallel_executor.executor.parallel:loop closed
[0.705s] DEBUG:colcon.colcon_parallel_executor.executor.parallel:run_until_complete finished with '0'
[0.706s] DEBUG:colcon.colcon_core.event_reactor:joining thread
[0.717s] INFO:colcon.colcon_core.plugin_system:Skipping extension 'colcon_notification.desktop_notification.terminal_notifier': Not used on non-Darwin systems
[0.717s] INFO:colcon.colcon_core.plugin_system:Skipping extension 'colcon_notification.desktop_notification.win32': Not used on non-Windows systems
[0.717s] INFO:colcon.colcon_notification.desktop_notification:Sending desktop notification using 'notify2'
[0.760s] DEBUG:colcon.colcon_core.event_reactor:joined thread
[0.763s] INFO:colcon.colcon_core.shell:Creating prefix script '/home/liyicong/test_urdf/install/local_setup.ps1'
[0.765s] INFO:colcon.colcon_core.shell:Creating prefix util module '/home/liyicong/test_urdf/install/_local_setup_util_ps1.py'
[0.768s] INFO:colcon.colcon_core.shell:Creating prefix chain script '/home/liyicong/test_urdf/install/setup.ps1'
[0.774s] INFO:colcon.colcon_core.shell:Creating prefix script '/home/liyicong/test_urdf/install/local_setup.sh'
[0.775s] INFO:colcon.colcon_core.shell:Creating prefix util module '/home/liyicong/test_urdf/install/_local_setup_util_sh.py'
[0.776s] INFO:colcon.colcon_core.shell:Creating prefix chain script '/home/liyicong/test_urdf/install/setup.sh'
[0.778s] INFO:colcon.colcon_core.shell:Creating prefix script '/home/liyicong/test_urdf/install/local_setup.bash'
[0.780s] INFO:colcon.colcon_core.shell:Creating prefix chain script '/home/liyicong/test_urdf/install/setup.bash'
[0.782s] INFO:colcon.colcon_core.shell:Creating prefix script '/home/liyicong/test_urdf/install/local_setup.zsh'
[0.783s] INFO:colcon.colcon_core.shell:Creating prefix chain script '/home/liyicong/test_urdf/install/setup.zsh'
