[0.103s] DEBUG:colcon:Command line arguments: ['/usr/bin/colcon', 'build']
[0.103s] DEBUG:colcon:Parsed command line arguments: Namespace(log_base=None, log_level=None, verb_name='build', build_base='build', install_base='install', merge_install=False, symlink_install=False, test_result_base=None, continue_on_error=False, executor='parallel', parallel_workers=2, event_handlers=None, ignore_user_meta=False, metas=['./colcon.meta'], base_paths=['.'], packages_ignore=None, packages_ignore_regex=None, paths=None, packages_up_to=None, packages_up_to_regex=None, packages_above=None, packages_above_and_dependencies=None, packages_above_depth=None, packages_select_by_dep=None, packages_skip_by_dep=None, packages_skip_up_to=None, packages_select_build_failed=False, packages_skip_build_finished=False, packages_select_test_failures=False, packages_skip_test_passed=False, packages_select=None, packages_skip=None, packages_select_regex=None, packages_skip_regex=None, packages_start=None, packages_end=None, allow_overriding=[], cmake_args=None, cmake_target=None, cmake_target_skip_unavailable=False, cmake_clean_cache=False, cmake_clean_first=False, cmake_force_configure=False, ament_cmake_args=None, catkin_cmake_args=None, catkin_skip_building_tests=False, verb_parser=<colcon_defaults.argument_parser.defaults.DefaultArgumentsDecorator object at 0x7e02a3b3d2d0>, verb_extension=<colcon_core.verb.build.BuildVerb object at 0x7e02a3b3c070>, main=<bound method BuildVerb.main of <colcon_core.verb.build.BuildVerb object at 0x7e02a3b3c070>>)
[0.296s] Level 1:colcon.colcon_core.package_discovery:discover_packages(colcon_meta) check parameters
[0.296s] Level 1:colcon.colcon_core.package_discovery:discover_packages(recursive) check parameters
[0.296s] Level 1:colcon.colcon_core.package_discovery:discover_packages(ignore) check parameters
[0.296s] Level 1:colcon.colcon_core.package_discovery:discover_packages(path) check parameters
[0.296s] Level 1:colcon.colcon_core.package_discovery:discover_packages(colcon_meta) discover
[0.296s] Level 1:colcon.colcon_core.package_discovery:discover_packages(recursive) discover
[0.296s] INFO:colcon.colcon_core.package_discovery:Crawling recursively for packages in '/home/liyicong/test_urdf'
[0.296s] Level 1:colcon.colcon_core.package_identification:_identify(.) by extensions ['ignore', 'ignore_ament_install']
[0.296s] Level 1:colcon.colcon_core.package_identification:_identify(.) by extension 'ignore'
[0.296s] Level 1:colcon.colcon_core.package_identification:_identify(.) by extension 'ignore_ament_install'
[0.296s] Level 1:colcon.colcon_core.package_identification:_identify(.) by extensions ['colcon_pkg']
[0.296s] Level 1:colcon.colcon_core.package_identification:_identify(.) by extension 'colcon_pkg'
[0.296s] Level 1:colcon.colcon_core.package_identification:_identify(.) by extensions ['colcon_meta']
[0.296s] Level 1:colcon.colcon_core.package_identification:_identify(.) by extension 'colcon_meta'
[0.296s] Level 1:colcon.colcon_core.package_identification:_identify(.) by extensions ['ros']
[0.296s] Level 1:colcon.colcon_core.package_identification:_identify(.) by extension 'ros'
[0.308s] DEBUG:colcon.colcon_core.package_identification:Package '.' with type 'ros.ament_cmake' and name 'test_urdf'
[0.308s] Level 1:colcon.colcon_core.package_discovery:discover_packages(recursive) using defaults
[0.308s] Level 1:colcon.colcon_core.package_discovery:discover_packages(ignore) discover
[0.309s] Level 1:colcon.colcon_core.package_discovery:discover_packages(ignore) using defaults
[0.309s] Level 1:colcon.colcon_core.package_discovery:discover_packages(path) discover
[0.309s] Level 1:colcon.colcon_core.package_discovery:discover_packages(path) using defaults
[0.337s] Level 1:colcon.colcon_core.package_discovery:discover_packages(prefix_path) check parameters
[0.337s] Level 1:colcon.colcon_core.package_discovery:discover_packages(prefix_path) discover
[0.338s] DEBUG:colcon.colcon_installed_package_information.package_discovery:Found 1 installed packages in /home/liyicong/test_urdf/install
[0.339s] DEBUG:colcon.colcon_installed_package_information.package_discovery:Found 5 installed packages in /home/liyicong/ws01_plumbing/install
[0.340s] DEBUG:colcon.colcon_installed_package_information.package_discovery:Found 360 installed packages in /opt/ros/humble
[0.341s] Level 1:colcon.colcon_core.package_discovery:discover_packages(prefix_path) using defaults
[0.373s] Level 5:colcon.colcon_core.verb:set package 'test_urdf' build argument 'cmake_args' from command line to 'None'
[0.373s] Level 5:colcon.colcon_core.verb:set package 'test_urdf' build argument 'cmake_target' from command line to 'None'
[0.373s] Level 5:colcon.colcon_core.verb:set package 'test_urdf' build argument 'cmake_target_skip_unavailable' from command line to 'False'
[0.373s] Level 5:colcon.colcon_core.verb:set package 'test_urdf' build argument 'cmake_clean_cache' from command line to 'False'
[0.373s] Level 5:colcon.colcon_core.verb:set package 'test_urdf' build argument 'cmake_clean_first' from command line to 'False'
[0.373s] Level 5:colcon.colcon_core.verb:set package 'test_urdf' build argument 'cmake_force_configure' from command line to 'False'
[0.374s] Level 5:colcon.colcon_core.verb:set package 'test_urdf' build argument 'ament_cmake_args' from command line to 'None'
[0.374s] Level 5:colcon.colcon_core.verb:set package 'test_urdf' build argument 'catkin_cmake_args' from command line to 'None'
[0.374s] Level 5:colcon.colcon_core.verb:set package 'test_urdf' build argument 'catkin_skip_building_tests' from command line to 'False'
[0.374s] DEBUG:colcon.colcon_core.verb:Building package 'test_urdf' with the following arguments: {'ament_cmake_args': None, 'build_base': '/home/liyicong/test_urdf/build/test_urdf', 'catkin_cmake_args': None, 'catkin_skip_building_tests': False, 'cmake_args': None, 'cmake_clean_cache': False, 'cmake_clean_first': False, 'cmake_force_configure': False, 'cmake_target': None, 'cmake_target_skip_unavailable': False, 'install_base': '/home/liyicong/test_urdf/install/test_urdf', 'merge_install': False, 'path': '/home/liyicong/test_urdf', 'symlink_install': False, 'test_result_base': None}
[0.374s] INFO:colcon.colcon_core.executor:Executing jobs using 'parallel' executor
[0.375s] DEBUG:colcon.colcon_parallel_executor.executor.parallel:run_until_complete
[0.375s] INFO:colcon.colcon_ros.task.ament_cmake.build:Building ROS package in '/home/liyicong/test_urdf' with build type 'ament_cmake'
[0.376s] INFO:colcon.colcon_cmake.task.cmake.build:Building CMake package in '/home/liyicong/test_urdf'
[0.377s] INFO:colcon.colcon_core.plugin_system:Skipping extension 'colcon_core.shell.bat': Not used on non-Windows systems
[0.377s] INFO:colcon.colcon_core.shell:Skip shell extension 'powershell' for command environment: Not usable outside of PowerShell
[0.377s] DEBUG:colcon.colcon_core.shell:Skip shell extension 'dsv' for command environment
[0.390s] DEBUG:colcon.colcon_core.event_handler.log_command:Invoking command in '/home/liyicong/test_urdf/build/test_urdf': CMAKE_PREFIX_PATH=/home/liyicong/test_urdf/install/test_urdf:/home/liyicong/ws01_plumbing/install/py03_action:/home/liyicong/ws01_plumbing/install/py02_service:/home/liyicong/ws01_plumbing/install/py01_topic:/opt/ros/humble:/home/liyicong/ws01_plumbing/install/guanjie:/home/liyicong/ws01_plumbing/install/base_interfaces_demo /usr/bin/cmake --build /home/liyicong/test_urdf/build/test_urdf -- -j2 -l2
[0.486s] DEBUG:colcon.colcon_core.event_handler.log_command:Invoked command in '/home/liyicong/test_urdf/build/test_urdf' returned '0': CMAKE_PREFIX_PATH=/home/liyicong/test_urdf/install/test_urdf:/home/liyicong/ws01_plumbing/install/py03_action:/home/liyicong/ws01_plumbing/install/py02_service:/home/liyicong/ws01_plumbing/install/py01_topic:/opt/ros/humble:/home/liyicong/ws01_plumbing/install/guanjie:/home/liyicong/ws01_plumbing/install/base_interfaces_demo /usr/bin/cmake --build /home/liyicong/test_urdf/build/test_urdf -- -j2 -l2
[0.506s] DEBUG:colcon.colcon_core.event_handler.log_command:Invoking command in '/home/liyicong/test_urdf/build/test_urdf': CMAKE_PREFIX_PATH=/home/liyicong/test_urdf/install/test_urdf:/home/liyicong/ws01_plumbing/install/py03_action:/home/liyicong/ws01_plumbing/install/py02_service:/home/liyicong/ws01_plumbing/install/py01_topic:/opt/ros/humble:/home/liyicong/ws01_plumbing/install/guanjie:/home/liyicong/ws01_plumbing/install/base_interfaces_demo /usr/bin/cmake --install /home/liyicong/test_urdf/build/test_urdf
[0.524s] Level 1:colcon.colcon_core.environment:create_environment_scripts_only(test_urdf)
[0.528s] DEBUG:colcon.colcon_core.event_handler.log_command:Invoked command in '/home/liyicong/test_urdf/build/test_urdf' returned '0': CMAKE_PREFIX_PATH=/home/liyicong/test_urdf/install/test_urdf:/home/liyicong/ws01_plumbing/install/py03_action:/home/liyicong/ws01_plumbing/install/py02_service:/home/liyicong/ws01_plumbing/install/py01_topic:/opt/ros/humble:/home/liyicong/ws01_plumbing/install/guanjie:/home/liyicong/ws01_plumbing/install/base_interfaces_demo /usr/bin/cmake --install /home/liyicong/test_urdf/build/test_urdf
[0.529s] Level 1:colcon.colcon_core.environment:checking '/home/liyicong/test_urdf/install/test_urdf' for CMake module files
[0.530s] Level 1:colcon.colcon_core.environment:checking '/home/liyicong/test_urdf/install/test_urdf' for CMake config files
[0.532s] Level 1:colcon.colcon_core.shell:create_environment_hook('test_urdf', 'cmake_prefix_path')
[0.533s] INFO:colcon.colcon_core.shell:Creating environment hook '/home/liyicong/test_urdf/install/test_urdf/share/test_urdf/hook/cmake_prefix_path.ps1'
[0.536s] INFO:colcon.colcon_core.shell:Creating environment descriptor '/home/liyicong/test_urdf/install/test_urdf/share/test_urdf/hook/cmake_prefix_path.dsv'
[0.539s] INFO:colcon.colcon_core.shell:Creating environment hook '/home/liyicong/test_urdf/install/test_urdf/share/test_urdf/hook/cmake_prefix_path.sh'
[0.543s] Level 1:colcon.colcon_core.environment:checking '/home/liyicong/test_urdf/install/test_urdf/lib'
[0.543s] Level 1:colcon.colcon_core.environment:checking '/home/liyicong/test_urdf/install/test_urdf/bin'
[0.543s] Level 1:colcon.colcon_core.environment:checking '/home/liyicong/test_urdf/install/test_urdf/lib/pkgconfig/test_urdf.pc'
[0.543s] Level 1:colcon.colcon_core.environment:checking '/home/liyicong/test_urdf/install/test_urdf/lib/python3.10/site-packages'
[0.543s] Level 1:colcon.colcon_core.environment:checking '/home/liyicong/test_urdf/install/test_urdf/bin'
[0.543s] INFO:colcon.colcon_core.shell:Creating package script '/home/liyicong/test_urdf/install/test_urdf/share/test_urdf/package.ps1'
[0.545s] INFO:colcon.colcon_core.shell:Creating package descriptor '/home/liyicong/test_urdf/install/test_urdf/share/test_urdf/package.dsv'
[0.546s] INFO:colcon.colcon_core.shell:Creating package script '/home/liyicong/test_urdf/install/test_urdf/share/test_urdf/package.sh'
[0.547s] INFO:colcon.colcon_core.shell:Creating package script '/home/liyicong/test_urdf/install/test_urdf/share/test_urdf/package.bash'
[0.548s] INFO:colcon.colcon_core.shell:Creating package script '/home/liyicong/test_urdf/install/test_urdf/share/test_urdf/package.zsh'
[0.549s] Level 1:colcon.colcon_core.environment:create_file_with_runtime_dependencies(/home/liyicong/test_urdf/install/test_urdf/share/colcon-core/packages/test_urdf)
[0.550s] Level 1:colcon.colcon_core.environment:create_environment_scripts_only(test_urdf)
[0.550s] Level 1:colcon.colcon_core.environment:checking '/home/liyicong/test_urdf/install/test_urdf' for CMake module files
[0.550s] Level 1:colcon.colcon_core.environment:checking '/home/liyicong/test_urdf/install/test_urdf' for CMake config files
[0.551s] Level 1:colcon.colcon_core.shell:create_environment_hook('test_urdf', 'cmake_prefix_path')
[0.551s] INFO:colcon.colcon_core.shell:Creating environment hook '/home/liyicong/test_urdf/install/test_urdf/share/test_urdf/hook/cmake_prefix_path.ps1'
[0.552s] INFO:colcon.colcon_core.shell:Creating environment descriptor '/home/liyicong/test_urdf/install/test_urdf/share/test_urdf/hook/cmake_prefix_path.dsv'
[0.553s] INFO:colcon.colcon_core.shell:Creating environment hook '/home/liyicong/test_urdf/install/test_urdf/share/test_urdf/hook/cmake_prefix_path.sh'
[0.556s] Level 1:colcon.colcon_core.environment:checking '/home/liyicong/test_urdf/install/test_urdf/lib'
[0.556s] Level 1:colcon.colcon_core.environment:checking '/home/liyicong/test_urdf/install/test_urdf/bin'
[0.556s] Level 1:colcon.colcon_core.environment:checking '/home/liyicong/test_urdf/install/test_urdf/lib/pkgconfig/test_urdf.pc'
[0.556s] Level 1:colcon.colcon_core.environment:checking '/home/liyicong/test_urdf/install/test_urdf/lib/python3.10/site-packages'
[0.556s] Level 1:colcon.colcon_core.environment:checking '/home/liyicong/test_urdf/install/test_urdf/bin'
[0.556s] INFO:colcon.colcon_core.shell:Creating package script '/home/liyicong/test_urdf/install/test_urdf/share/test_urdf/package.ps1'
[0.557s] INFO:colcon.colcon_core.shell:Creating package descriptor '/home/liyicong/test_urdf/install/test_urdf/share/test_urdf/package.dsv'
[0.557s] INFO:colcon.colcon_core.shell:Creating package script '/home/liyicong/test_urdf/install/test_urdf/share/test_urdf/package.sh'
[0.558s] INFO:colcon.colcon_core.shell:Creating package script '/home/liyicong/test_urdf/install/test_urdf/share/test_urdf/package.bash'
[0.558s] INFO:colcon.colcon_core.shell:Creating package script '/home/liyicong/test_urdf/install/test_urdf/share/test_urdf/package.zsh'
[0.559s] Level 1:colcon.colcon_core.environment:create_file_with_runtime_dependencies(/home/liyicong/test_urdf/install/test_urdf/share/colcon-core/packages/test_urdf)
[0.560s] DEBUG:colcon.colcon_parallel_executor.executor.parallel:closing loop
[0.560s] DEBUG:colcon.colcon_parallel_executor.executor.parallel:loop closed
[0.560s] DEBUG:colcon.colcon_parallel_executor.executor.parallel:run_until_complete finished with '0'
[0.560s] DEBUG:colcon.colcon_core.event_reactor:joining thread
[0.568s] INFO:colcon.colcon_core.plugin_system:Skipping extension 'colcon_notification.desktop_notification.terminal_notifier': Not used on non-Darwin systems
[0.570s] INFO:colcon.colcon_core.plugin_system:Skipping extension 'colcon_notification.desktop_notification.win32': Not used on non-Windows systems
[0.570s] INFO:colcon.colcon_notification.desktop_notification:Sending desktop notification using 'notify2'
[0.593s] DEBUG:colcon.colcon_core.event_reactor:joined thread
[0.593s] INFO:colcon.colcon_core.shell:Creating prefix script '/home/liyicong/test_urdf/install/local_setup.ps1'
[0.594s] INFO:colcon.colcon_core.shell:Creating prefix util module '/home/liyicong/test_urdf/install/_local_setup_util_ps1.py'
[0.597s] INFO:colcon.colcon_core.shell:Creating prefix chain script '/home/liyicong/test_urdf/install/setup.ps1'
[0.602s] INFO:colcon.colcon_core.shell:Creating prefix script '/home/liyicong/test_urdf/install/local_setup.sh'
[0.602s] INFO:colcon.colcon_core.shell:Creating prefix util module '/home/liyicong/test_urdf/install/_local_setup_util_sh.py'
[0.603s] INFO:colcon.colcon_core.shell:Creating prefix chain script '/home/liyicong/test_urdf/install/setup.sh'
[0.604s] INFO:colcon.colcon_core.shell:Creating prefix script '/home/liyicong/test_urdf/install/local_setup.bash'
[0.606s] INFO:colcon.colcon_core.shell:Creating prefix chain script '/home/liyicong/test_urdf/install/setup.bash'
[0.607s] INFO:colcon.colcon_core.shell:Creating prefix script '/home/liyicong/test_urdf/install/local_setup.zsh'
[0.608s] INFO:colcon.colcon_core.shell:Creating prefix chain script '/home/liyicong/test_urdf/install/setup.zsh'
