[0.145s] DEBUG:colcon:Command line arguments: ['/usr/bin/colcon', 'build']
[0.145s] DEBUG:colcon:Parsed command line arguments: Namespace(log_base=None, log_level=None, verb_name='build', build_base='build', install_base='install', merge_install=False, symlink_install=False, test_result_base=None, continue_on_error=False, executor='parallel', parallel_workers=2, event_handlers=None, ignore_user_meta=False, metas=['./colcon.meta'], base_paths=['.'], packages_ignore=None, packages_ignore_regex=None, paths=None, packages_up_to=None, packages_up_to_regex=None, packages_above=None, packages_above_and_dependencies=None, packages_above_depth=None, packages_select_by_dep=None, packages_skip_by_dep=None, packages_skip_up_to=None, packages_select_build_failed=False, packages_skip_build_finished=False, packages_select_test_failures=False, packages_skip_test_passed=False, packages_select=None, packages_skip=None, packages_select_regex=None, packages_skip_regex=None, packages_start=None, packages_end=None, allow_overriding=[], cmake_args=None, cmake_target=None, cmake_target_skip_unavailable=False, cmake_clean_cache=False, cmake_clean_first=False, cmake_force_configure=False, ament_cmake_args=None, catkin_cmake_args=None, catkin_skip_building_tests=False, verb_parser=<colcon_defaults.argument_parser.defaults.DefaultArgumentsDecorator object at 0x7e81845392d0>, verb_extension=<colcon_core.verb.build.BuildVerb object at 0x7e8184538070>, main=<bound method BuildVerb.main of <colcon_core.verb.build.BuildVerb object at 0x7e8184538070>>)
[0.301s] Level 1:colcon.colcon_core.package_discovery:discover_packages(colcon_meta) check parameters
[0.301s] Level 1:colcon.colcon_core.package_discovery:discover_packages(recursive) check parameters
[0.301s] Level 1:colcon.colcon_core.package_discovery:discover_packages(ignore) check parameters
[0.301s] Level 1:colcon.colcon_core.package_discovery:discover_packages(path) check parameters
[0.301s] Level 1:colcon.colcon_core.package_discovery:discover_packages(colcon_meta) discover
[0.301s] Level 1:colcon.colcon_core.package_discovery:discover_packages(recursive) discover
[0.301s] INFO:colcon.colcon_core.package_discovery:Crawling recursively for packages in '/home/liyicong/test_urdf'
[0.301s] Level 1:colcon.colcon_core.package_identification:_identify(.) by extensions ['ignore', 'ignore_ament_install']
[0.302s] Level 1:colcon.colcon_core.package_identification:_identify(.) by extension 'ignore'
[0.302s] Level 1:colcon.colcon_core.package_identification:_identify(.) by extension 'ignore_ament_install'
[0.302s] Level 1:colcon.colcon_core.package_identification:_identify(.) by extensions ['colcon_pkg']
[0.302s] Level 1:colcon.colcon_core.package_identification:_identify(.) by extension 'colcon_pkg'
[0.302s] Level 1:colcon.colcon_core.package_identification:_identify(.) by extensions ['colcon_meta']
[0.302s] Level 1:colcon.colcon_core.package_identification:_identify(.) by extension 'colcon_meta'
[0.302s] Level 1:colcon.colcon_core.package_identification:_identify(.) by extensions ['ros']
[0.302s] Level 1:colcon.colcon_core.package_identification:_identify(.) by extension 'ros'
[0.314s] DEBUG:colcon.colcon_core.package_identification:Package '.' with type 'ros.ament_cmake' and name 'test_urdf'
[0.314s] Level 1:colcon.colcon_core.package_discovery:discover_packages(recursive) using defaults
[0.314s] Level 1:colcon.colcon_core.package_discovery:discover_packages(ignore) discover
[0.314s] Level 1:colcon.colcon_core.package_discovery:discover_packages(ignore) using defaults
[0.314s] Level 1:colcon.colcon_core.package_discovery:discover_packages(path) discover
[0.314s] Level 1:colcon.colcon_core.package_discovery:discover_packages(path) using defaults
[0.341s] Level 1:colcon.colcon_core.package_discovery:discover_packages(prefix_path) check parameters
[0.341s] Level 1:colcon.colcon_core.package_discovery:discover_packages(prefix_path) discover
[0.343s] DEBUG:colcon.colcon_installed_package_information.package_discovery:Found 1 installed packages in /home/liyicong/test_urdf/install
[0.343s] DEBUG:colcon.colcon_installed_package_information.package_discovery:Found 5 installed packages in /home/liyicong/ws01_plumbing/install
[0.344s] DEBUG:colcon.colcon_installed_package_information.package_discovery:Found 360 installed packages in /opt/ros/humble
[0.346s] Level 1:colcon.colcon_core.package_discovery:discover_packages(prefix_path) using defaults
[0.415s] Level 5:colcon.colcon_core.verb:set package 'test_urdf' build argument 'cmake_args' from command line to 'None'
[0.415s] Level 5:colcon.colcon_core.verb:set package 'test_urdf' build argument 'cmake_target' from command line to 'None'
[0.415s] Level 5:colcon.colcon_core.verb:set package 'test_urdf' build argument 'cmake_target_skip_unavailable' from command line to 'False'
[0.415s] Level 5:colcon.colcon_core.verb:set package 'test_urdf' build argument 'cmake_clean_cache' from command line to 'False'
[0.415s] Level 5:colcon.colcon_core.verb:set package 'test_urdf' build argument 'cmake_clean_first' from command line to 'False'
[0.416s] Level 5:colcon.colcon_core.verb:set package 'test_urdf' build argument 'cmake_force_configure' from command line to 'False'
[0.416s] Level 5:colcon.colcon_core.verb:set package 'test_urdf' build argument 'ament_cmake_args' from command line to 'None'
[0.416s] Level 5:colcon.colcon_core.verb:set package 'test_urdf' build argument 'catkin_cmake_args' from command line to 'None'
[0.416s] Level 5:colcon.colcon_core.verb:set package 'test_urdf' build argument 'catkin_skip_building_tests' from command line to 'False'
[0.416s] DEBUG:colcon.colcon_core.verb:Building package 'test_urdf' with the following arguments: {'ament_cmake_args': None, 'build_base': '/home/liyicong/test_urdf/build/test_urdf', 'catkin_cmake_args': None, 'catkin_skip_building_tests': False, 'cmake_args': None, 'cmake_clean_cache': False, 'cmake_clean_first': False, 'cmake_force_configure': False, 'cmake_target': None, 'cmake_target_skip_unavailable': False, 'install_base': '/home/liyicong/test_urdf/install/test_urdf', 'merge_install': False, 'path': '/home/liyicong/test_urdf', 'symlink_install': False, 'test_result_base': None}
[0.416s] INFO:colcon.colcon_core.executor:Executing jobs using 'parallel' executor
[0.418s] DEBUG:colcon.colcon_parallel_executor.executor.parallel:run_until_complete
[0.418s] INFO:colcon.colcon_ros.task.ament_cmake.build:Building ROS package in '/home/liyicong/test_urdf' with build type 'ament_cmake'
[0.419s] INFO:colcon.colcon_cmake.task.cmake.build:Building CMake package in '/home/liyicong/test_urdf'
[0.423s] INFO:colcon.colcon_core.plugin_system:Skipping extension 'colcon_core.shell.bat': Not used on non-Windows systems
[0.424s] INFO:colcon.colcon_core.shell:Skip shell extension 'powershell' for command environment: Not usable outside of PowerShell
[0.424s] DEBUG:colcon.colcon_core.shell:Skip shell extension 'dsv' for command environment
[0.450s] DEBUG:colcon.colcon_core.event_handler.log_command:Invoking command in '/home/liyicong/test_urdf/build/test_urdf': CMAKE_PREFIX_PATH=/home/liyicong/test_urdf/install/test_urdf:/home/liyicong/ws01_plumbing/install/py03_action:/home/liyicong/ws01_plumbing/install/py02_service:/home/liyicong/ws01_plumbing/install/py01_topic:/opt/ros/humble:/home/liyicong/ws01_plumbing/install/guanjie:/home/liyicong/ws01_plumbing/install/base_interfaces_demo /usr/bin/cmake --build /home/liyicong/test_urdf/build/test_urdf -- -j2 -l2
[0.524s] DEBUG:colcon.colcon_core.event_handler.log_command:Invoked command in '/home/liyicong/test_urdf/build/test_urdf' returned '0': CMAKE_PREFIX_PATH=/home/liyicong/test_urdf/install/test_urdf:/home/liyicong/ws01_plumbing/install/py03_action:/home/liyicong/ws01_plumbing/install/py02_service:/home/liyicong/ws01_plumbing/install/py01_topic:/opt/ros/humble:/home/liyicong/ws01_plumbing/install/guanjie:/home/liyicong/ws01_plumbing/install/base_interfaces_demo /usr/bin/cmake --build /home/liyicong/test_urdf/build/test_urdf -- -j2 -l2
[0.544s] DEBUG:colcon.colcon_core.event_handler.log_command:Invoking command in '/home/liyicong/test_urdf/build/test_urdf': CMAKE_PREFIX_PATH=/home/liyicong/test_urdf/install/test_urdf:/home/liyicong/ws01_plumbing/install/py03_action:/home/liyicong/ws01_plumbing/install/py02_service:/home/liyicong/ws01_plumbing/install/py01_topic:/opt/ros/humble:/home/liyicong/ws01_plumbing/install/guanjie:/home/liyicong/ws01_plumbing/install/base_interfaces_demo /usr/bin/cmake --install /home/liyicong/test_urdf/build/test_urdf
[0.565s] Level 1:colcon.colcon_core.environment:create_environment_scripts_only(test_urdf)
[0.573s] DEBUG:colcon.colcon_core.event_handler.log_command:Invoked command in '/home/liyicong/test_urdf/build/test_urdf' returned '0': CMAKE_PREFIX_PATH=/home/liyicong/test_urdf/install/test_urdf:/home/liyicong/ws01_plumbing/install/py03_action:/home/liyicong/ws01_plumbing/install/py02_service:/home/liyicong/ws01_plumbing/install/py01_topic:/opt/ros/humble:/home/liyicong/ws01_plumbing/install/guanjie:/home/liyicong/ws01_plumbing/install/base_interfaces_demo /usr/bin/cmake --install /home/liyicong/test_urdf/build/test_urdf
[0.573s] Level 1:colcon.colcon_core.environment:checking '/home/liyicong/test_urdf/install/test_urdf' for CMake module files
[0.574s] Level 1:colcon.colcon_core.environment:checking '/home/liyicong/test_urdf/install/test_urdf' for CMake config files
[0.574s] Level 1:colcon.colcon_core.shell:create_environment_hook('test_urdf', 'cmake_prefix_path')
[0.574s] INFO:colcon.colcon_core.shell:Creating environment hook '/home/liyicong/test_urdf/install/test_urdf/share/test_urdf/hook/cmake_prefix_path.ps1'
[0.577s] INFO:colcon.colcon_core.shell:Creating environment descriptor '/home/liyicong/test_urdf/install/test_urdf/share/test_urdf/hook/cmake_prefix_path.dsv'
[0.577s] INFO:colcon.colcon_core.shell:Creating environment hook '/home/liyicong/test_urdf/install/test_urdf/share/test_urdf/hook/cmake_prefix_path.sh'
[0.580s] Level 1:colcon.colcon_core.environment:checking '/home/liyicong/test_urdf/install/test_urdf/lib'
[0.580s] Level 1:colcon.colcon_core.environment:checking '/home/liyicong/test_urdf/install/test_urdf/bin'
[0.580s] Level 1:colcon.colcon_core.environment:checking '/home/liyicong/test_urdf/install/test_urdf/lib/pkgconfig/test_urdf.pc'
[0.580s] Level 1:colcon.colcon_core.environment:checking '/home/liyicong/test_urdf/install/test_urdf/lib/python3.10/site-packages'
[0.580s] Level 1:colcon.colcon_core.environment:checking '/home/liyicong/test_urdf/install/test_urdf/bin'
[0.581s] INFO:colcon.colcon_core.shell:Creating package script '/home/liyicong/test_urdf/install/test_urdf/share/test_urdf/package.ps1'
[0.584s] INFO:colcon.colcon_core.shell:Creating package descriptor '/home/liyicong/test_urdf/install/test_urdf/share/test_urdf/package.dsv'
[0.584s] INFO:colcon.colcon_core.shell:Creating package script '/home/liyicong/test_urdf/install/test_urdf/share/test_urdf/package.sh'
[0.585s] INFO:colcon.colcon_core.shell:Creating package script '/home/liyicong/test_urdf/install/test_urdf/share/test_urdf/package.bash'
[0.589s] INFO:colcon.colcon_core.shell:Creating package script '/home/liyicong/test_urdf/install/test_urdf/share/test_urdf/package.zsh'
[0.590s] Level 1:colcon.colcon_core.environment:create_file_with_runtime_dependencies(/home/liyicong/test_urdf/install/test_urdf/share/colcon-core/packages/test_urdf)
[0.593s] Level 1:colcon.colcon_core.environment:create_environment_scripts_only(test_urdf)
[0.593s] Level 1:colcon.colcon_core.environment:checking '/home/liyicong/test_urdf/install/test_urdf' for CMake module files
[0.595s] Level 1:colcon.colcon_core.environment:checking '/home/liyicong/test_urdf/install/test_urdf' for CMake config files
[0.596s] Level 1:colcon.colcon_core.shell:create_environment_hook('test_urdf', 'cmake_prefix_path')
[0.596s] INFO:colcon.colcon_core.shell:Creating environment hook '/home/liyicong/test_urdf/install/test_urdf/share/test_urdf/hook/cmake_prefix_path.ps1'
[0.596s] INFO:colcon.colcon_core.shell:Creating environment descriptor '/home/liyicong/test_urdf/install/test_urdf/share/test_urdf/hook/cmake_prefix_path.dsv'
[0.600s] INFO:colcon.colcon_core.shell:Creating environment hook '/home/liyicong/test_urdf/install/test_urdf/share/test_urdf/hook/cmake_prefix_path.sh'
[0.600s] Level 1:colcon.colcon_core.environment:checking '/home/liyicong/test_urdf/install/test_urdf/lib'
[0.600s] Level 1:colcon.colcon_core.environment:checking '/home/liyicong/test_urdf/install/test_urdf/bin'
[0.600s] Level 1:colcon.colcon_core.environment:checking '/home/liyicong/test_urdf/install/test_urdf/lib/pkgconfig/test_urdf.pc'
[0.600s] Level 1:colcon.colcon_core.environment:checking '/home/liyicong/test_urdf/install/test_urdf/lib/python3.10/site-packages'
[0.601s] Level 1:colcon.colcon_core.environment:checking '/home/liyicong/test_urdf/install/test_urdf/bin'
[0.601s] INFO:colcon.colcon_core.shell:Creating package script '/home/liyicong/test_urdf/install/test_urdf/share/test_urdf/package.ps1'
[0.601s] INFO:colcon.colcon_core.shell:Creating package descriptor '/home/liyicong/test_urdf/install/test_urdf/share/test_urdf/package.dsv'
[0.602s] INFO:colcon.colcon_core.shell:Creating package script '/home/liyicong/test_urdf/install/test_urdf/share/test_urdf/package.sh'
[0.602s] INFO:colcon.colcon_core.shell:Creating package script '/home/liyicong/test_urdf/install/test_urdf/share/test_urdf/package.bash'
[0.603s] INFO:colcon.colcon_core.shell:Creating package script '/home/liyicong/test_urdf/install/test_urdf/share/test_urdf/package.zsh'
[0.603s] Level 1:colcon.colcon_core.environment:create_file_with_runtime_dependencies(/home/liyicong/test_urdf/install/test_urdf/share/colcon-core/packages/test_urdf)
[0.604s] DEBUG:colcon.colcon_parallel_executor.executor.parallel:closing loop
[0.605s] DEBUG:colcon.colcon_parallel_executor.executor.parallel:loop closed
[0.605s] DEBUG:colcon.colcon_parallel_executor.executor.parallel:run_until_complete finished with '0'
[0.605s] DEBUG:colcon.colcon_core.event_reactor:joining thread
[0.618s] INFO:colcon.colcon_core.plugin_system:Skipping extension 'colcon_notification.desktop_notification.terminal_notifier': Not used on non-Darwin systems
[0.618s] INFO:colcon.colcon_core.plugin_system:Skipping extension 'colcon_notification.desktop_notification.win32': Not used on non-Windows systems
[0.619s] INFO:colcon.colcon_notification.desktop_notification:Sending desktop notification using 'notify2'
[0.644s] DEBUG:colcon.colcon_core.event_reactor:joined thread
[0.645s] INFO:colcon.colcon_core.shell:Creating prefix script '/home/liyicong/test_urdf/install/local_setup.ps1'
[0.646s] INFO:colcon.colcon_core.shell:Creating prefix util module '/home/liyicong/test_urdf/install/_local_setup_util_ps1.py'
[0.649s] INFO:colcon.colcon_core.shell:Creating prefix chain script '/home/liyicong/test_urdf/install/setup.ps1'
[0.651s] INFO:colcon.colcon_core.shell:Creating prefix script '/home/liyicong/test_urdf/install/local_setup.sh'
[0.652s] INFO:colcon.colcon_core.shell:Creating prefix util module '/home/liyicong/test_urdf/install/_local_setup_util_sh.py'
[0.653s] INFO:colcon.colcon_core.shell:Creating prefix chain script '/home/liyicong/test_urdf/install/setup.sh'
[0.659s] INFO:colcon.colcon_core.shell:Creating prefix script '/home/liyicong/test_urdf/install/local_setup.bash'
[0.662s] INFO:colcon.colcon_core.shell:Creating prefix chain script '/home/liyicong/test_urdf/install/setup.bash'
[0.664s] INFO:colcon.colcon_core.shell:Creating prefix script '/home/liyicong/test_urdf/install/local_setup.zsh'
[0.665s] INFO:colcon.colcon_core.shell:Creating prefix chain script '/home/liyicong/test_urdf/install/setup.zsh'
