[0.091s] DEBUG:colcon:Command line arguments: ['/usr/bin/colcon', 'build']
[0.091s] DEBUG:colcon:Parsed command line arguments: Namespace(log_base=None, log_level=None, verb_name='build', build_base='build', install_base='install', merge_install=False, symlink_install=False, test_result_base=None, continue_on_error=False, executor='parallel', parallel_workers=2, event_handlers=None, ignore_user_meta=False, metas=['./colcon.meta'], base_paths=['.'], packages_ignore=None, packages_ignore_regex=None, paths=None, packages_up_to=None, packages_up_to_regex=None, packages_above=None, packages_above_and_dependencies=None, packages_above_depth=None, packages_select_by_dep=None, packages_skip_by_dep=None, packages_skip_up_to=None, packages_select_build_failed=False, packages_skip_build_finished=False, packages_select_test_failures=False, packages_skip_test_passed=False, packages_select=None, packages_skip=None, packages_select_regex=None, packages_skip_regex=None, packages_start=None, packages_end=None, allow_overriding=[], cmake_args=None, cmake_target=None, cmake_target_skip_unavailable=False, cmake_clean_cache=False, cmake_clean_first=False, cmake_force_configure=False, ament_cmake_args=None, catkin_cmake_args=None, catkin_skip_building_tests=False, verb_parser=<colcon_defaults.argument_parser.defaults.DefaultArgumentsDecorator object at 0x7273c0c3d2d0>, verb_extension=<colcon_core.verb.build.BuildVerb object at 0x7273c0c3c070>, main=<bound method BuildVerb.main of <colcon_core.verb.build.BuildVerb object at 0x7273c0c3c070>>)
[0.220s] Level 1:colcon.colcon_core.package_discovery:discover_packages(colcon_meta) check parameters
[0.220s] Level 1:colcon.colcon_core.package_discovery:discover_packages(recursive) check parameters
[0.220s] Level 1:colcon.colcon_core.package_discovery:discover_packages(ignore) check parameters
[0.220s] Level 1:colcon.colcon_core.package_discovery:discover_packages(path) check parameters
[0.220s] Level 1:colcon.colcon_core.package_discovery:discover_packages(colcon_meta) discover
[0.220s] Level 1:colcon.colcon_core.package_discovery:discover_packages(recursive) discover
[0.220s] INFO:colcon.colcon_core.package_discovery:Crawling recursively for packages in '/home/liyicong/test_urdf'
[0.220s] Level 1:colcon.colcon_core.package_identification:_identify(.) by extensions ['ignore', 'ignore_ament_install']
[0.220s] Level 1:colcon.colcon_core.package_identification:_identify(.) by extension 'ignore'
[0.220s] Level 1:colcon.colcon_core.package_identification:_identify(.) by extension 'ignore_ament_install'
[0.220s] Level 1:colcon.colcon_core.package_identification:_identify(.) by extensions ['colcon_pkg']
[0.220s] Level 1:colcon.colcon_core.package_identification:_identify(.) by extension 'colcon_pkg'
[0.220s] Level 1:colcon.colcon_core.package_identification:_identify(.) by extensions ['colcon_meta']
[0.220s] Level 1:colcon.colcon_core.package_identification:_identify(.) by extension 'colcon_meta'
[0.220s] Level 1:colcon.colcon_core.package_identification:_identify(.) by extensions ['ros']
[0.220s] Level 1:colcon.colcon_core.package_identification:_identify(.) by extension 'ros'
[0.232s] DEBUG:colcon.colcon_core.package_identification:Package '.' with type 'ros.ament_cmake' and name 'test_urdf'
[0.232s] Level 1:colcon.colcon_core.package_discovery:discover_packages(recursive) using defaults
[0.232s] Level 1:colcon.colcon_core.package_discovery:discover_packages(ignore) discover
[0.232s] Level 1:colcon.colcon_core.package_discovery:discover_packages(ignore) using defaults
[0.232s] Level 1:colcon.colcon_core.package_discovery:discover_packages(path) discover
[0.232s] Level 1:colcon.colcon_core.package_discovery:discover_packages(path) using defaults
[0.265s] Level 1:colcon.colcon_core.package_discovery:discover_packages(prefix_path) check parameters
[0.265s] Level 1:colcon.colcon_core.package_discovery:discover_packages(prefix_path) discover
[0.267s] DEBUG:colcon.colcon_installed_package_information.package_discovery:Found 1 installed packages in /home/liyicong/test_urdf/install
[0.267s] DEBUG:colcon.colcon_installed_package_information.package_discovery:Found 5 installed packages in /home/liyicong/ws01_plumbing/install
[0.268s] DEBUG:colcon.colcon_installed_package_information.package_discovery:Found 360 installed packages in /opt/ros/humble
[0.270s] Level 1:colcon.colcon_core.package_discovery:discover_packages(prefix_path) using defaults
[0.303s] Level 5:colcon.colcon_core.verb:set package 'test_urdf' build argument 'cmake_args' from command line to 'None'
[0.303s] Level 5:colcon.colcon_core.verb:set package 'test_urdf' build argument 'cmake_target' from command line to 'None'
[0.303s] Level 5:colcon.colcon_core.verb:set package 'test_urdf' build argument 'cmake_target_skip_unavailable' from command line to 'False'
[0.303s] Level 5:colcon.colcon_core.verb:set package 'test_urdf' build argument 'cmake_clean_cache' from command line to 'False'
[0.303s] Level 5:colcon.colcon_core.verb:set package 'test_urdf' build argument 'cmake_clean_first' from command line to 'False'
[0.303s] Level 5:colcon.colcon_core.verb:set package 'test_urdf' build argument 'cmake_force_configure' from command line to 'False'
[0.303s] Level 5:colcon.colcon_core.verb:set package 'test_urdf' build argument 'ament_cmake_args' from command line to 'None'
[0.303s] Level 5:colcon.colcon_core.verb:set package 'test_urdf' build argument 'catkin_cmake_args' from command line to 'None'
[0.303s] Level 5:colcon.colcon_core.verb:set package 'test_urdf' build argument 'catkin_skip_building_tests' from command line to 'False'
[0.303s] DEBUG:colcon.colcon_core.verb:Building package 'test_urdf' with the following arguments: {'ament_cmake_args': None, 'build_base': '/home/liyicong/test_urdf/build/test_urdf', 'catkin_cmake_args': None, 'catkin_skip_building_tests': False, 'cmake_args': None, 'cmake_clean_cache': False, 'cmake_clean_first': False, 'cmake_force_configure': False, 'cmake_target': None, 'cmake_target_skip_unavailable': False, 'install_base': '/home/liyicong/test_urdf/install/test_urdf', 'merge_install': False, 'path': '/home/liyicong/test_urdf', 'symlink_install': False, 'test_result_base': None}
[0.303s] INFO:colcon.colcon_core.executor:Executing jobs using 'parallel' executor
[0.304s] DEBUG:colcon.colcon_parallel_executor.executor.parallel:run_until_complete
[0.305s] INFO:colcon.colcon_ros.task.ament_cmake.build:Building ROS package in '/home/liyicong/test_urdf' with build type 'ament_cmake'
[0.305s] INFO:colcon.colcon_cmake.task.cmake.build:Building CMake package in '/home/liyicong/test_urdf'
[0.306s] INFO:colcon.colcon_core.plugin_system:Skipping extension 'colcon_core.shell.bat': Not used on non-Windows systems
[0.306s] INFO:colcon.colcon_core.shell:Skip shell extension 'powershell' for command environment: Not usable outside of PowerShell
[0.306s] DEBUG:colcon.colcon_core.shell:Skip shell extension 'dsv' for command environment
[0.315s] DEBUG:colcon.colcon_core.event_handler.log_command:Invoking command in '/home/liyicong/test_urdf/build/test_urdf': CMAKE_PREFIX_PATH=/home/liyicong/test_urdf/install/test_urdf:/home/liyicong/ws01_plumbing/install/py03_action:/home/liyicong/ws01_plumbing/install/py02_service:/home/liyicong/ws01_plumbing/install/py01_topic:/opt/ros/humble:/home/liyicong/ws01_plumbing/install/guanjie:/home/liyicong/ws01_plumbing/install/base_interfaces_demo /usr/bin/cmake --build /home/liyicong/test_urdf/build/test_urdf -- -j2 -l2
[0.381s] DEBUG:colcon.colcon_core.event_handler.log_command:Invoked command in '/home/liyicong/test_urdf/build/test_urdf' returned '0': CMAKE_PREFIX_PATH=/home/liyicong/test_urdf/install/test_urdf:/home/liyicong/ws01_plumbing/install/py03_action:/home/liyicong/ws01_plumbing/install/py02_service:/home/liyicong/ws01_plumbing/install/py01_topic:/opt/ros/humble:/home/liyicong/ws01_plumbing/install/guanjie:/home/liyicong/ws01_plumbing/install/base_interfaces_demo /usr/bin/cmake --build /home/liyicong/test_urdf/build/test_urdf -- -j2 -l2
[0.401s] DEBUG:colcon.colcon_core.event_handler.log_command:Invoking command in '/home/liyicong/test_urdf/build/test_urdf': CMAKE_PREFIX_PATH=/home/liyicong/test_urdf/install/test_urdf:/home/liyicong/ws01_plumbing/install/py03_action:/home/liyicong/ws01_plumbing/install/py02_service:/home/liyicong/ws01_plumbing/install/py01_topic:/opt/ros/humble:/home/liyicong/ws01_plumbing/install/guanjie:/home/liyicong/ws01_plumbing/install/base_interfaces_demo /usr/bin/cmake --install /home/liyicong/test_urdf/build/test_urdf
[0.421s] Level 1:colcon.colcon_core.environment:create_environment_scripts_only(test_urdf)
[0.423s] Level 1:colcon.colcon_core.environment:checking '/home/liyicong/test_urdf/install/test_urdf' for CMake module files
[0.430s] Level 1:colcon.colcon_core.environment:checking '/home/liyicong/test_urdf/install/test_urdf' for CMake config files
[0.430s] Level 1:colcon.colcon_core.shell:create_environment_hook('test_urdf', 'cmake_prefix_path')
[0.431s] INFO:colcon.colcon_core.shell:Creating environment hook '/home/liyicong/test_urdf/install/test_urdf/share/test_urdf/hook/cmake_prefix_path.ps1'
[0.431s] INFO:colcon.colcon_core.shell:Creating environment descriptor '/home/liyicong/test_urdf/install/test_urdf/share/test_urdf/hook/cmake_prefix_path.dsv'
[0.432s] INFO:colcon.colcon_core.shell:Creating environment hook '/home/liyicong/test_urdf/install/test_urdf/share/test_urdf/hook/cmake_prefix_path.sh'
[0.434s] DEBUG:colcon.colcon_core.event_handler.log_command:Invoked command in '/home/liyicong/test_urdf/build/test_urdf' returned '0': CMAKE_PREFIX_PATH=/home/liyicong/test_urdf/install/test_urdf:/home/liyicong/ws01_plumbing/install/py03_action:/home/liyicong/ws01_plumbing/install/py02_service:/home/liyicong/ws01_plumbing/install/py01_topic:/opt/ros/humble:/home/liyicong/ws01_plumbing/install/guanjie:/home/liyicong/ws01_plumbing/install/base_interfaces_demo /usr/bin/cmake --install /home/liyicong/test_urdf/build/test_urdf
[0.438s] Level 1:colcon.colcon_core.environment:checking '/home/liyicong/test_urdf/install/test_urdf/lib'
[0.438s] Level 1:colcon.colcon_core.environment:checking '/home/liyicong/test_urdf/install/test_urdf/bin'
[0.438s] Level 1:colcon.colcon_core.environment:checking '/home/liyicong/test_urdf/install/test_urdf/lib/pkgconfig/test_urdf.pc'
[0.439s] Level 1:colcon.colcon_core.environment:checking '/home/liyicong/test_urdf/install/test_urdf/lib/python3.10/site-packages'
[0.439s] Level 1:colcon.colcon_core.environment:checking '/home/liyicong/test_urdf/install/test_urdf/bin'
[0.439s] INFO:colcon.colcon_core.shell:Creating package script '/home/liyicong/test_urdf/install/test_urdf/share/test_urdf/package.ps1'
[0.442s] INFO:colcon.colcon_core.shell:Creating package descriptor '/home/liyicong/test_urdf/install/test_urdf/share/test_urdf/package.dsv'
[0.442s] INFO:colcon.colcon_core.shell:Creating package script '/home/liyicong/test_urdf/install/test_urdf/share/test_urdf/package.sh'
[0.443s] INFO:colcon.colcon_core.shell:Creating package script '/home/liyicong/test_urdf/install/test_urdf/share/test_urdf/package.bash'
[0.450s] INFO:colcon.colcon_core.shell:Creating package script '/home/liyicong/test_urdf/install/test_urdf/share/test_urdf/package.zsh'
[0.451s] Level 1:colcon.colcon_core.environment:create_file_with_runtime_dependencies(/home/liyicong/test_urdf/install/test_urdf/share/colcon-core/packages/test_urdf)
[0.451s] Level 1:colcon.colcon_core.environment:create_environment_scripts_only(test_urdf)
[0.454s] Level 1:colcon.colcon_core.environment:checking '/home/liyicong/test_urdf/install/test_urdf' for CMake module files
[0.454s] Level 1:colcon.colcon_core.environment:checking '/home/liyicong/test_urdf/install/test_urdf' for CMake config files
[0.454s] Level 1:colcon.colcon_core.shell:create_environment_hook('test_urdf', 'cmake_prefix_path')
[0.454s] INFO:colcon.colcon_core.shell:Creating environment hook '/home/liyicong/test_urdf/install/test_urdf/share/test_urdf/hook/cmake_prefix_path.ps1'
[0.455s] INFO:colcon.colcon_core.shell:Creating environment descriptor '/home/liyicong/test_urdf/install/test_urdf/share/test_urdf/hook/cmake_prefix_path.dsv'
[0.458s] INFO:colcon.colcon_core.shell:Creating environment hook '/home/liyicong/test_urdf/install/test_urdf/share/test_urdf/hook/cmake_prefix_path.sh'
[0.458s] Level 1:colcon.colcon_core.environment:checking '/home/liyicong/test_urdf/install/test_urdf/lib'
[0.458s] Level 1:colcon.colcon_core.environment:checking '/home/liyicong/test_urdf/install/test_urdf/bin'
[0.458s] Level 1:colcon.colcon_core.environment:checking '/home/liyicong/test_urdf/install/test_urdf/lib/pkgconfig/test_urdf.pc'
[0.458s] Level 1:colcon.colcon_core.environment:checking '/home/liyicong/test_urdf/install/test_urdf/lib/python3.10/site-packages'
[0.459s] Level 1:colcon.colcon_core.environment:checking '/home/liyicong/test_urdf/install/test_urdf/bin'
[0.459s] INFO:colcon.colcon_core.shell:Creating package script '/home/liyicong/test_urdf/install/test_urdf/share/test_urdf/package.ps1'
[0.464s] INFO:colcon.colcon_core.shell:Creating package descriptor '/home/liyicong/test_urdf/install/test_urdf/share/test_urdf/package.dsv'
[0.464s] INFO:colcon.colcon_core.shell:Creating package script '/home/liyicong/test_urdf/install/test_urdf/share/test_urdf/package.sh'
[0.465s] INFO:colcon.colcon_core.shell:Creating package script '/home/liyicong/test_urdf/install/test_urdf/share/test_urdf/package.bash'
[0.467s] INFO:colcon.colcon_core.shell:Creating package script '/home/liyicong/test_urdf/install/test_urdf/share/test_urdf/package.zsh'
[0.468s] Level 1:colcon.colcon_core.environment:create_file_with_runtime_dependencies(/home/liyicong/test_urdf/install/test_urdf/share/colcon-core/packages/test_urdf)
[0.468s] DEBUG:colcon.colcon_parallel_executor.executor.parallel:closing loop
[0.471s] DEBUG:colcon.colcon_parallel_executor.executor.parallel:loop closed
[0.471s] DEBUG:colcon.colcon_parallel_executor.executor.parallel:run_until_complete finished with '0'
[0.471s] DEBUG:colcon.colcon_core.event_reactor:joining thread
[0.485s] INFO:colcon.colcon_core.plugin_system:Skipping extension 'colcon_notification.desktop_notification.terminal_notifier': Not used on non-Darwin systems
[0.487s] INFO:colcon.colcon_core.plugin_system:Skipping extension 'colcon_notification.desktop_notification.win32': Not used on non-Windows systems
[0.488s] INFO:colcon.colcon_notification.desktop_notification:Sending desktop notification using 'notify2'
[0.510s] DEBUG:colcon.colcon_core.event_reactor:joined thread
[0.511s] INFO:colcon.colcon_core.shell:Creating prefix script '/home/liyicong/test_urdf/install/local_setup.ps1'
[0.514s] INFO:colcon.colcon_core.shell:Creating prefix util module '/home/liyicong/test_urdf/install/_local_setup_util_ps1.py'
[0.517s] INFO:colcon.colcon_core.shell:Creating prefix chain script '/home/liyicong/test_urdf/install/setup.ps1'
[0.523s] INFO:colcon.colcon_core.shell:Creating prefix script '/home/liyicong/test_urdf/install/local_setup.sh'
[0.524s] INFO:colcon.colcon_core.shell:Creating prefix util module '/home/liyicong/test_urdf/install/_local_setup_util_sh.py'
[0.527s] INFO:colcon.colcon_core.shell:Creating prefix chain script '/home/liyicong/test_urdf/install/setup.sh'
[0.531s] INFO:colcon.colcon_core.shell:Creating prefix script '/home/liyicong/test_urdf/install/local_setup.bash'
[0.532s] INFO:colcon.colcon_core.shell:Creating prefix chain script '/home/liyicong/test_urdf/install/setup.bash'
[0.534s] INFO:colcon.colcon_core.shell:Creating prefix script '/home/liyicong/test_urdf/install/local_setup.zsh'
[0.534s] INFO:colcon.colcon_core.shell:Creating prefix chain script '/home/liyicong/test_urdf/install/setup.zsh'
